# vsim -debugDB -l TC1.log -voptargs="+access" -assertdebug -c test_bench -do "log -r /*;run -all;" 
# Start time: 17:27:10 on Nov 11,2025
# ** Note: (vsim-3813) Design is being optimized due to module recompilation...
# ** Note: (vsim-8611) Generating debug db.
# ** Warning: (vopt-4308) Enabling visibility using +acc is recommended with debug flow.
# ** Note: (vsim-12126) Error and warning message counts have been restored: Errors=0, Warnings=1.
# //  Questa Sim-64
# //  Version 2021.2_1 linux_x86_64 May 15 2021
# //
# //  Copyright 1991-2021 Mentor Graphics Corporation
# //  All Rights Reserved.
# //
# //  QuestaSim and its associated documentation contain trade
# //  secrets and commercial or financial information that are the property of
# //  Mentor Graphics Corporation and are privileged, confidential,
# //  and exempt from disclosure under the Freedom of Information Act,
# //  5 U.S.C. Section 552. Furthermore, this information
# //  is prohibited from disclosure under the Trade Secrets Act,
# //  18 U.S.C. Section 1905.
# //
# Loading sv_std.std
# Loading work.test_bench(fast)
# Loading work.timer_top(fast)
# Loading work.apb_slave(fast)
# Loading work.register(fast)
# Loading work.ctrl_counter(fast)
# Loading work.counter_64bit(fast)
# Loading work.interrupt(fast)
# ** Note: (vsim-8900) Creating design debug database vsim.dbg.
# log -r /*
# run -all
# 
# =======================[ APB PROTOCOL CHECK ]======================
# 
# 
# ===========================[ FAIL CASE  ]==========================
# 
# 
# =======================[ APB PROTOCOL CHECK ]=====================
# ==================================================================
# ==========================[ PREADY SIGNAL ]=======================
# 
#  t =        225   [FAIL]:   pready = 0. EXPECTED: pready = 1'b1               
# 
# =======================[ TEST: APB WRITE CHECK ]==================
# 
#  t =        225   [FAIL]:   w_en = 0. EXPECTED: w_en = 1'b1                   
# 
# ========================[ TEST: APB READ CHECK ]==================
# 
#  t =        435   [FAIL]:   r_en = 0. EXPECTED: r_en = 1'b1                   
# 
# ==========================[ SUCCESS CASE ]=========================
# 
# 
# =======================[ APB PROTOCOL CHECK ]=====================
# ==================================================================
# ==========================[ PREADY SIGNAL ]=======================
# 
#  t =        625   [PASS]:   pready = 1'b1                                      
# 
# =======================[ TEST: APB WRITE CHECK ]==================
# 
#  t =        625   [PASS]:   w_en = 1'b1                                        
# 
# ========================[ TEST: APB READ CHECK ]==================
# 
#  t =        835   [PASS]:   r_en = 1'b1                                        
# RESULT: PASS
# ** Note: $finish    : ../tb/test_bench.v(50)
#    Time: 975 ns  Iteration: 0  Instance: /test_bench
# End time: 17:27:11 on Nov 11,2025, Elapsed time: 0:00:01
# Errors: 0, Warnings: 1
